2026-01-26 20:10:30,141 - __main__ - INFO - Обработка датасета
2026-01-26 20:10:30,142 - __main__ - INFO - 1. Загрузка данных...
2026-01-26 20:10:30,145 - __main__ - INFO - Попытка загрузить файл: LOC2.csv
2026-01-26 20:10:30,250 - __main__ - INFO - Данные загружены
2026-01-26 20:10:30,251 - __main__ - INFO - 2. Обработка NER...
2026-01-26 20:10:32,360 - __main__ - INFO - Обработка NER завершена
2026-01-26 20:10:33,102 - __main__ - INFO - 3. Сохранение основного датасета в LOC_conll2.csv
2026-01-26 20:10:33,124 - __main__ - INFO - 4. Соответствие ID сохранено в LOC_ID_mapping2.csv
2026-01-26 20:10:33,126 - __main__ - INFO - 

Обработано:
2026-01-26 20:10:33,128 - __main__ - INFO - Уникальных предложений: 3841
2026-01-26 20:10:33,130 - __main__ - INFO - Всего токенов: 90545
2026-01-26 20:10:33,132 - __main__ - INFO - 

Статистика разметки:
2026-01-26 20:10:33,140 - __main__ - INFO -   O           85521 ( 94.5%)
2026-01-26 20:10:33,141 - __main__ - INFO -   B-LOC        5001 (  5.5%)
2026-01-26 20:10:33,143 - __main__ - INFO -   I-LOC          23 (  0.0%)
2026-01-26 20:10:33,151 - __main__ - INFO - Скрипт завершил работу успешно
2026-01-26 20:16:02,447 - __main__ - INFO - Обработка датасета
2026-01-26 20:16:02,450 - __main__ - INFO - 1. Загрузка данных...
2026-01-26 20:16:02,451 - __main__ - INFO - Попытка загрузить файл: LOC2.csv
2026-01-26 20:16:02,535 - __main__ - INFO - Данные загружены
2026-01-26 20:16:02,536 - __main__ - INFO - 2. Обработка NER...
2026-01-26 20:16:05,139 - __main__ - INFO - Обработка NER завершена
2026-01-26 20:16:06,222 - __main__ - INFO - 3. Сохранение основного датасета в LOC_conll2.csv
2026-01-26 20:16:06,242 - __main__ - INFO - 4. Соответствие ID сохранено в LOC_ID_mapping2.csv
2026-01-26 20:16:06,250 - __main__ - INFO - 

Обработано:
2026-01-26 20:16:06,252 - __main__ - INFO - Уникальных предложений: 3841
2026-01-26 20:16:06,252 - __main__ - INFO - Всего токенов: 90545
2026-01-26 20:16:06,256 - __main__ - INFO - 

Статистика разметки:
2026-01-26 20:16:06,265 - __main__ - INFO -   O           85521 ( 94.5%)
2026-01-26 20:16:06,266 - __main__ - INFO -   B-LOC        5001 (  5.5%)
2026-01-26 20:16:06,270 - __main__ - INFO -   I-LOC          23 (  0.0%)
2026-01-26 20:16:06,280 - __main__ - INFO - Скрипт завершил работу успешно
