2026-01-26 20:18:21,728 - __main__ - INFO - Обработка датасета
2026-01-26 20:18:21,730 - __main__ - INFO - 1. Загрузка данных...
2026-01-26 20:18:21,731 - __main__ - INFO - Попытка загрузить файл: NORP2.csv
2026-01-26 20:18:21,913 - __main__ - INFO - Данные загружены
2026-01-26 20:18:21,917 - __main__ - INFO - 2. Обработка NER...
2026-01-26 20:18:24,574 - __main__ - INFO - Обработка NER завершена
2026-01-26 20:18:25,406 - __main__ - INFO - 3. Сохранение основного датасета в NORP_conll2.csv
2026-01-26 20:18:25,422 - __main__ - INFO - 4. Соответствие ID сохранено в NORP_ID_mapping2.csv
2026-01-26 20:18:25,425 - __main__ - INFO - 

Обработано:
2026-01-26 20:18:25,429 - __main__ - INFO - Уникальных предложений: 4229
2026-01-26 20:18:25,430 - __main__ - INFO - Всего токенов: 99248
2026-01-26 20:18:25,432 - __main__ - INFO - 

Статистика разметки:
2026-01-26 20:18:25,440 - __main__ - INFO -   O           94240 ( 95.0%)
2026-01-26 20:18:25,441 - __main__ - INFO -   B-NORP       5005 (  5.0%)
2026-01-26 20:18:25,444 - __main__ - INFO -   I-NORP          3 (  0.0%)
2026-01-26 20:18:25,453 - __main__ - INFO - Скрипт завершил работу успешно
2026-01-29 21:46:57,815 - __main__ - INFO - Обработка датасета
2026-01-29 21:46:57,818 - __main__ - INFO - 1. Загрузка данных...
2026-01-29 21:46:57,819 - __main__ - INFO - Попытка загрузить файл: NORP2.csv
2026-01-29 21:46:57,914 - __main__ - INFO - Данные загружены
2026-01-29 21:46:57,918 - __main__ - INFO - 2. Обработка NER...
2026-01-29 21:47:00,457 - __main__ - INFO - Обработка NER завершена
2026-01-29 21:47:01,411 - __main__ - INFO - 3. Сохранение основного датасета в NORP_conll2.csv
2026-01-29 21:47:01,434 - __main__ - INFO - 4. Соответствие ID сохранено в NORP_ID_mapping2.csv
2026-01-29 21:47:01,441 - __main__ - INFO - 

Обработано:
2026-01-29 21:47:01,442 - __main__ - INFO - Уникальных предложений: 4229
2026-01-29 21:47:01,443 - __main__ - INFO - Всего токенов: 99248
2026-01-29 21:47:01,443 - __main__ - INFO - 

Статистика разметки:
2026-01-29 21:47:01,453 - __main__ - INFO -   O           94240 ( 95.0%)
2026-01-29 21:47:01,455 - __main__ - INFO -   B-NORP       5005 (  5.0%)
2026-01-29 21:47:01,458 - __main__ - INFO -   I-NORP          3 (  0.0%)
2026-01-29 21:47:01,462 - __main__ - INFO - Скрипт завершил работу успешно
